<?xml version="1.0" encoding="UTF-8"?>
<!-- Generated by org.testng.reporters.JUnitXMLReporter -->
<testsuite ignored="0" hostname="DESKTOP-Q0S3LGK" failures="0" tests="1" name="Add Customer Test" time="0.01" errors="0" timestamp="2022-09-26T12:02:50 IST">
  <testcase classname="base.BaseTest" name="@BeforeSuite setUp" time="0.026">
    <failure type="java.lang.NullPointerException">
      <![CDATA[java.lang.NullPointerException
at base.BaseTest.setUp(BaseTest.java:145)
... Removed 19 stack frames]]>
    </failure>
  </testcase> <!-- @BeforeSuite setUp -->
  <testcase classname="testcases.AddCustomerTest" name="addCustomer" time="0.0">
    <skipped/>
  </testcase> <!-- addCustomer -->
</testsuite> <!-- Add Customer Test -->
