<?xml version="1.0" encoding="UTF-8"?>
<testng-results ignored="0" total="3" passed="3" failed="0" skipped="0">
  <reporter-output>
  </reporter-output>
  <suite started-at="2022-09-15T18:31:07 IST" name="DataDriven Testing" finished-at="2022-09-15T18:31:20 IST" duration-ms="12787">
    <groups>
    </groups>
    <test started-at="2022-09-15T18:31:07 IST" name="Bank Manager Login Test" finished-at="2022-09-15T18:31:07 IST" duration-ms="151">
      <class name="testcases.BankManagerLoginTest">
        <test-method signature="loginAsBankManager()[pri:0, instance:testcases.BankManagerLoginTest@95e33cc]" started-at="2022-09-15T18:31:07 IST" name="loginAsBankManager" finished-at="2022-09-15T18:31:07 IST" duration-ms="128" status="PASS">
          <reporter-output>
          </reporter-output>
        </test-method> <!-- loginAsBankManager -->
      </class> <!-- testcases.BankManagerLoginTest -->
    </test> <!-- Bank Manager Login Test -->
    <test started-at="2022-09-15T18:31:07 IST" name="Add Customer Test" finished-at="2022-09-15T18:31:19 IST" duration-ms="12314">
      <class name="testcases.AddCustomerTest">
        <test-method signature="addCustomer(java.lang.String,java.lang.String,java.lang.String,java.lang.String)[pri:0, instance:testcases.AddCustomerTest@70f02c32]" started-at="2022-09-15T18:31:07 IST" name="addCustomer" data-provider="getData" finished-at="2022-09-15T18:31:19 IST" duration-ms="12303" status="PASS">
          <params>
            <param index="0">
              <value>
                <![CDATA[Raman]]>
              </value>
            </param>
            <param index="1">
              <value>
                <![CDATA[Arora]]>
              </value>
            </param>
            <param index="2">
              <value>
                <![CDATA[A234234]]>
              </value>
            </param>
            <param index="3">
              <value>
                <![CDATA[Customer added successfully]]>
              </value>
            </param>
          </params>
          <reporter-output>
          </reporter-output>
        </test-method> <!-- addCustomer -->
      </class> <!-- testcases.AddCustomerTest -->
    </test> <!-- Add Customer Test -->
    <test started-at="2022-09-15T18:31:19 IST" name="Open Account Test" finished-at="2022-09-15T18:31:20 IST" duration-ms="305">
      <class name="testcases.OpenAccountTest">
        <test-method is-config="true" signature="setUp()[pri:0, instance:testcases.OpenAccountTest@67d18ed7]" started-at="2022-09-15T18:31:05 IST" name="setUp" finished-at="2022-09-15T18:31:07 IST" duration-ms="1881" status="PASS">
          <reporter-output>
          </reporter-output>
        </test-method> <!-- setUp -->
        <test-method signature="openAccount(java.lang.String,java.lang.String)[pri:0, instance:testcases.OpenAccountTest@67d18ed7]" started-at="2022-09-15T18:31:19 IST" name="openAccount" data-provider="getData" finished-at="2022-09-15T18:31:20 IST" duration-ms="302" status="PASS">
          <params>
            <param index="0">
              <value>
                <![CDATA[Raman Arora]]>
              </value>
            </param>
            <param index="1">
              <value>
                <![CDATA[Rupee]]>
              </value>
            </param>
          </params>
          <reporter-output>
          </reporter-output>
        </test-method> <!-- openAccount -->
        <test-method is-config="true" signature="tearDown()[pri:0, instance:testcases.OpenAccountTest@67d18ed7]" started-at="2022-09-15T18:31:20 IST" name="tearDown" finished-at="2022-09-15T18:31:20 IST" duration-ms="0" status="PASS">
          <reporter-output>
          </reporter-output>
        </test-method> <!-- tearDown -->
      </class> <!-- testcases.OpenAccountTest -->
    </test> <!-- Open Account Test -->
  </suite> <!-- DataDriven Testing -->
</testng-results>
